<?xml version="1.0" encoding="UTF-8"?>
<testng-results skipped="0" failed="0" ignored="0" total="1" passed="1">
  <reporter-output>
  </reporter-output>
  <suite name="Default suite" duration-ms="780" started-at="2019-11-27T08:19:37Z" finished-at="2019-11-27T08:19:38Z">
    <groups>
    </groups>
    <test name="Default test" duration-ms="780" started-at="2019-11-27T08:19:37Z" finished-at="2019-11-27T08:19:38Z">
      <class name="com.selbot.testcases.ExcelLearn">
        <test-method status="PASS" signature="test()[pri:0, instance:com.selbot.testcases.ExcelLearn@204f30ec]" name="test" duration-ms="742" started-at="2019-11-27T08:19:37Z" finished-at="2019-11-27T08:19:38Z">
          <reporter-output>
          </reporter-output>
        </test-method> <!-- test -->
      </class> <!-- com.selbot.testcases.ExcelLearn -->
    </test> <!-- Default test -->
  </suite> <!-- Default suite -->
</testng-results>
